<?xml version="1.0" encoding="UTF-8" ?>
<testsuite tests="5" failures="0" name="domain.ForumPostServiceTest" time="0.154" errors="0" skipped="0">
  <properties>
[...]
</properties>
  <testcase classname="domain.ForumPostServiceTest" name="editMessageOfForumPost" time="0.152"/>
  <testcase classname="domain.ForumPostServiceTest" name="creatingDbInMemoryUsingFactory" time="0"/>
  <testcase classname="domain.ForumPostServiceTest" name="creatingInvalidDb" time="0"/>
  <testcase classname="domain.ForumPostServiceTest" name="makeANewForumPostAndAddItToDatabase" time="0.001"/>
  <testcase classname="domain.ForumPostServiceTest" name="deleteMessageFromDatabase" time="0.001"/>
</testsuite>